#-----------------------------------------------------------
# Vivado v2016.2 (64-bit)
# SW Build 1577090 on Thu Jun  2 16:32:40 MDT 2016
# IP Build 1577682 on Fri Jun  3 12:00:54 MDT 2016
# Start of session at: Mon Jul 10 20:49:58 2023
# Process ID: 24808
# Current directory: C:/Users/thb20/Desktop/CPU54
# Command line: vivado.exe -gui_launcher_event rodinguilauncherevent14360 C:\Users\thb20\Desktop\CPU54\CPU54.xpr
# Log file: C:/Users/thb20/Desktop/CPU54/vivado.log
# Journal file: C:/Users/thb20/Desktop/CPU54\vivado.jou
#-----------------------------------------------------------
start_gui
open_project C:/Users/thb20/Desktop/CPU54/CPU54.xpr
Scanning sources...
Finished scanning sources
INFO: [IP_Flow 19-234] Refreshing IP repositories
INFO: [IP_Flow 19-1704] No user IP repositories specified
INFO: [IP_Flow 19-2313] Loaded Vivado IP repository 'D:/Xilinx/Vivado/2016.2/data/ip'.
open_project: Time (s): cpu = 00:00:02 ; elapsed = 00:00:05 . Memory (MB): peak = 867.680 ; gain = 148.262
update_compile_order -fileset sources_1
exit
INFO: [Common 17-206] Exiting Vivado at Mon Jul 10 20:52:30 2023...
