Unable to capture context for thread 10480 in process 12636, can not generate back trace
Unable to capture context for thread 10480 in process 12636, can not generate back trace
Exception at PC 0x00007FFE4D13536C
Exception at PC 0x00007FFD6DDDBB93
Printing stacktrace...

Exception at PC 0x00007FFE4D13536C
Exception at PC 0x00007FFE4D13536C
Exception at PC 0x00007FFE4D13536C
Exception at PC 0x00007FFE4D13536C
Exception at PC 0x00007FFE4D13536C
[0]  [0x00007FFD6DDDBB93]
[1]  [0x00007FFD6DDDBB93]
[2]  [0x00007FFD6DDDB4A1]
[3]  [0x00007FFD6DDDB3EF]
[4]  [0x00007FFD6DDC19FE]
[5]  [0x00007FFD6DDC0ED1]
[6]  [0x00007FFD6DDC0D76]
[7]  [0x00007FFD6DD679F6]
[8]  [0x00007FFD6DD57AFB]
[9]  [0x00007FFD6DE7E90A]
[10]  [0x00007FFD6DE99F87]
[11]  [0x00007FFD6DE9A05F]
[12] (BaseThreadInitThunk+0x1d) [0x00007FFE4F5726AD]
[13] (RtlUserThreadStart+0x28) [0x00007FFE4FC0A9F8]
Done
Exception at PC 0x00007FFE4D13536C
Exception at PC 0x00007FFE4D13536C
Exception at PC 0x00007FFE4D13536C
Exception at PC 0x00007FFE4D13536C
Exception at PC 0x00007FFE4D13536C
Exception at PC 0x00007FFE4D13536C
Exception at PC 0x00007FFE4D13536C
Exception at PC 0x00007FFE4D13536C
Exception at PC 0x00007FFE4D13536C
Exception at PC 0x00007FFE4D13536C
Exception at PC 0x00007FFE4D13536C
Exception at PC 0x00007FFE4D13536C
Exception at PC 0x00007FFE4D13536C
Exception at PC 0x00007FFE4D13536C
